# JRE version: Java(TM) SE Runtime Environment (8.0_251-b08) (build 1.8.0_251-b08)
# Java VM: Java HotSpot(TM) 64-Bit Server VM (25.251-b08 mixed mode windows-amd64 compressed oops)
Heap:
 PSYoungGen      total 71680K, used 10798K [0x00000000d5b80000, 0x00000000da680000, 0x0000000100000000)
  eden space 66560K, 16% used [0x00000000d5b80000,0x00000000d660b960,0x00000000d9c80000)
  from space 5120K, 0% used [0x00000000d9c80000,0x00000000d9c80000,0x00000000da180000)
  to   space 5120K, 0% used [0x00000000da180000,0x00000000da180000,0x00000000da680000)
 ParOldGen       total 66048K, used 10342K [0x0000000081200000, 0x0000000085280000, 0x00000000d5b80000)
  object space 66048K, 15% used [0x0000000081200000,0x0000000081c19b40,0x0000000085280000)
 Metaspace       used 21656K, capacity 22054K, committed 22448K, reserved 1069056K
  class space    used 2602K, capacity 2706K, committed 2816K, reserved 1048576K
GC Heap History (10 events):
Event: 2.296 GC heap before
{Heap before GC invocations=2 (full 0):
 PSYoungGen      total 38400K, used 38375K [0x00000000d5b80000, 0x00000000d8600000, 0x0000000100000000)
  eden space 33280K, 100% used [0x00000000d5b80000,0x00000000d7c00000,0x00000000d7c00000)
  from space 5120K, 99% used [0x00000000d7c00000,0x00000000d80f9eb0,0x00000000d8100000)
  to   space 5120K, 0% used [0x00000000d8100000,0x00000000d8100000,0x00000000d8600000)
 ParOldGen       total 87552K, used 300K [0x0000000081200000, 0x0000000086780000, 0x00000000d5b80000)
  object space 87552K, 0% used [0x0000000081200000,0x000000008124b3f0,0x0000000086780000)
 Metaspace       used 11907K, capacity 12180K, committed 12416K, reserved 1060864K
  class space    used 1465K, capacity 1545K, committed 1664K, reserved 1048576K
Event: 2.306 GC heap after
Heap after GC invocations=2 (full 0):
 PSYoungGen      total 38400K, used 5101K [0x00000000d5b80000, 0x00000000da680000, 0x0000000100000000)
  eden space 33280K, 0% used [0x00000000d5b80000,0x00000000d5b80000,0x00000000d7c00000)
  from space 5120K, 99% used [0x00000000d8100000,0x00000000d85fb4e8,0x00000000d8600000)
  to   space 5120K, 0% used [0x00000000d7c00000,0x00000000d7c00000,0x00000000d8100000)
 ParOldGen       total 87552K, used 2061K [0x0000000081200000, 0x0000000086780000, 0x00000000d5b80000)
  object space 87552K, 2% used [0x0000000081200000,0x00000000814034c8,0x0000000086780000)
 Metaspace       used 11907K, capacity 12180K, committed 12416K, reserved 1060864K
  class space    used 1465K, capacity 1545K, committed 1664K, reserved 1048576K
}
Event: 3.176 GC heap before
{Heap before GC invocations=3 (full 0):
 PSYoungGen      total 38400K, used 38381K [0x00000000d5b80000, 0x00000000da680000, 0x0000000100000000)
  eden space 33280K, 100% used [0x00000000d5b80000,0x00000000d7c00000,0x00000000d7c00000)
  from space 5120K, 99% used [0x00000000d8100000,0x00000000d85fb4e8,0x00000000d8600000)
  to   space 5120K, 0% used [0x00000000d7c00000,0x00000000d7c00000,0x00000000d8100000)
 ParOldGen       total 87552K, used 2061K [0x0000000081200000, 0x0000000086780000, 0x00000000d5b80000)
  object space 87552K, 2% used [0x0000000081200000,0x00000000814034c8,0x0000000086780000)
 Metaspace       used 15704K, capacity 16036K, committed 16384K, reserved 1062912K
  class space    used 1916K, capacity 2005K, committed 2048K, reserved 1048576K
Event: 3.188 GC heap after
Heap after GC invocations=3 (full 0):
 PSYoungGen      total 38400K, used 5088K [0x00000000d5b80000, 0x00000000da680000, 0x0000000100000000)
  eden space 33280K, 0% used [0x00000000d5b80000,0x00000000d5b80000,0x00000000d7c00000)
  from space 5120K, 99% used [0x00000000d7c00000,0x00000000d80f8030,0x00000000d8100000)
  to   space 5120K, 0% used [0x00000000da180000,0x00000000da180000,0x00000000da680000)
 ParOldGen       total 87552K, used 4732K [0x0000000081200000, 0x0000000086780000, 0x00000000d5b80000)
  object space 87552K, 5% used [0x0000000081200000,0x000000008169f338,0x0000000086780000)
 Metaspace       used 15704K, capacity 16036K, committed 16384K, reserved 1062912K
  class space    used 1916K, capacity 2005K, committed 2048K, reserved 1048576K
}
Event: 3.978 GC heap before
{Heap before GC invocations=4 (full 0):
 PSYoungGen      total 38400K, used 38368K [0x00000000d5b80000, 0x00000000da680000, 0x0000000100000000)
  eden space 33280K, 100% used [0x00000000d5b80000,0x00000000d7c00000,0x00000000d7c00000)
  from space 5120K, 99% used [0x00000000d7c00000,0x00000000d80f8030,0x00000000d8100000)
  to   space 5120K, 0% used [0x00000000da180000,0x00000000da180000,0x00000000da680000)
 ParOldGen       total 87552K, used 4732K [0x0000000081200000, 0x0000000086780000, 0x00000000d5b80000)
  object space 87552K, 5% used [0x0000000081200000,0x000000008169f338,0x0000000086780000)
 Metaspace       used 16394K, capacity 16674K, committed 16896K, reserved 1064960K
  class space    used 1955K, capacity 2042K, committed 2048K, reserved 1048576K
Event: 3.993 GC heap after
Heap after GC invocations=4 (full 0):
 PSYoungGen      total 71680K, used 5104K [0x00000000d5b80000, 0x00000000da680000, 0x0000000100000000)
  eden space 66560K, 0% used [0x00000000d5b80000,0x00000000d5b80000,0x00000000d9c80000)
  from space 5120K, 99% used [0x00000000da180000,0x00000000da67c040,0x00000000da680000)
  to   space 5120K, 0% used [0x00000000d9c80000,0x00000000d9c80000,0x00000000da180000)
 ParOldGen       total 87552K, used 6924K [0x0000000081200000, 0x0000000086780000, 0x00000000d5b80000)
  object space 87552K, 7% used [0x0000000081200000,0x00000000818c31b8,0x0000000086780000)
 Metaspace       used 16394K, capacity 16674K, committed 16896K, reserved 1064960K
  class space    used 1955K, capacity 2042K, committed 2048K, reserved 1048576K
}
Event: 5.408 GC heap before
{Heap before GC invocations=5 (full 0):
 PSYoungGen      total 71680K, used 55578K [0x00000000d5b80000, 0x00000000da680000, 0x0000000100000000)
  eden space 66560K, 75% used [0x00000000d5b80000,0x00000000d8ccab70,0x00000000d9c80000)
  from space 5120K, 99% used [0x00000000da180000,0x00000000da67c040,0x00000000da680000)
  to   space 5120K, 0% used [0x00000000d9c80000,0x00000000d9c80000,0x00000000da180000)
 ParOldGen       total 87552K, used 6924K [0x0000000081200000, 0x0000000086780000, 0x00000000d5b80000)
  object space 87552K, 7% used [0x0000000081200000,0x00000000818c31b8,0x0000000086780000)
 Metaspace       used 20754K, capacity 21158K, committed 21296K, reserved 1069056K
  class space    used 2510K, capacity 2642K, committed 2688K, reserved 1048576K
Event: 5.490 GC heap after
Heap after GC invocations=5 (full 0):
 PSYoungGen      total 71680K, used 5104K [0x00000000d5b80000, 0x00000000da680000, 0x0000000100000000)
  eden space 66560K, 0% used [0x00000000d5b80000,0x00000000d5b80000,0x00000000d9c80000)
  from space 5120K, 99% used [0x00000000d9c80000,0x00000000da17c060,0x00000000da180000)
  to   space 5120K, 0% used [0x00000000da180000,0x00000000da180000,0x00000000da680000)
 ParOldGen       total 87552K, used 10684K [0x0000000081200000, 0x0000000086780000, 0x00000000d5b80000)
  object space 87552K, 12% used [0x0000000081200000,0x0000000081c6f290,0x0000000086780000)
 Metaspace       used 20754K, capacity 21158K, committed 21296K, reserved 1069056K
  class space    used 2510K, capacity 2642K, committed 2688K, reserved 1048576K
}
Event: 5.490 GC heap before
{Heap before GC invocations=6 (full 1):
 PSYoungGen      total 71680K, used 5104K [0x00000000d5b80000, 0x00000000da680000, 0x0000000100000000)
  eden space 66560K, 0% used [0x00000000d5b80000,0x00000000d5b80000,0x00000000d9c80000)
  from space 5120K, 99% used [0x00000000d9c80000,0x00000000da17c060,0x00000000da180000)
  to   space 5120K, 0% used [0x00000000da180000,0x00000000da180000,0x00000000da680000)
 ParOldGen       total 87552K, used 10684K [0x0000000081200000, 0x0000000086780000, 0x00000000d5b80000)
  object space 87552K, 12% used [0x0000000081200000,0x0000000081c6f290,0x0000000086780000)
 Metaspace       used 20754K, capacity 21158K, committed 21296K, reserved 1069056K
  class space    used 2510K, capacity 2642K, committed 2688K, reserved 1048576K
Event: 5.643 GC heap after
Heap after GC invocations=6 (full 1):
 PSYoungGen      total 71680K, used 0K [0x00000000d5b80000, 0x00000000da680000, 0x0000000100000000)
  eden space 66560K, 0% used [0x00000000d5b80000,0x00000000d5b80000,0x00000000d9c80000)
  from space 5120K, 0% used [0x00000000d9c80000,0x00000000d9c80000,0x00000000da180000)
  to   space 5120K, 0% used [0x00000000da180000,0x00000000da180000,0x00000000da680000)
 ParOldGen       total 66048K, used 10342K [0x0000000081200000, 0x0000000085280000, 0x00000000d5b80000)
  object space 66048K, 15% used [0x0000000081200000,0x0000000081c19b40,0x0000000085280000)
 Metaspace       used 20754K, capacity 21158K, committed 21296K, reserved 1069056K
  class space    used 2510K, capacity 2642K, committed 2688K, reserved 1048576K
}

